
2019.03.05 11:51:20
 введите ваше имя: asdasdas 
 : asdasd 
 e-mail: asdasd@sdaasda 
 Адрес страницы: http://darina/ 

2019.03.05 11:58:20
 введите ваше имя: фывфывф 
 : фывфывф 
 e-mail: фвфывф@asdasdasd 
 Адрес страницы: http://darina/?%D0%B2%D0%B2%D0%B5%D0%B4%D0%B8%D1%82%D0%B5+%D0%B2%D0%B0%D1%88%D0%B5+%D0%B8%D0%BC%D1%8F=asdasdas&amp;e-mail=asdasd%40sdaasda 

2019.03.05 12:02:09
 введите ваше имя: Никита 
 : +375447434380 
 e-mail: latushevn.a@yandex.ru 
 Адрес страницы: http://darina/ 

2019.03.05 12:11:39
 введите ваше имя: asdasdas 
 : adasdas 
 e-mail: latushevn.a@yandex.ru 
 Адрес страницы: http://darina/?%D0%B2%D0%B2%D0%B5%D0%B4%D0%B8%D1%82%D0%B5+%D0%B2%D0%B0%D1%88%D0%B5+%D0%B8%D0%BC%D1%8F=%D0%9D%D0%B8%D0%BA%D0%B8%D1%82%D0%B0&amp;e-mail=latushevn.a%40yandex.ru 

